<?xml version="1.0" encoding="UTF-8"?>
<!-- Generated by org.testng.reporters.JUnitReportReporter -->
<testsuite hostname="CWCLAP029" failures="0" tests="2" name="com.tests.LoginTest" time="4.754" errors="0" timestamp="2024-11-12T13:09:36 IST" skipped="0">
  <testcase classname="com.tests.LoginTest" name="verifyLoginButtonTest" time="2.037"/>
  <testcase classname="com.tests.LoginTest" name="verifyAlertMessageTest" time="2.717"/>
</testsuite> <!-- com.tests.LoginTest -->
