<?xml version="1.0" encoding="UTF-8"?>
<!-- Generated by org.testng.reporters.JUnitReportReporter -->
<testsuite hostname="CWCLAP029" failures="0" tests="2" name="com.tests.HomeTest" time="4.212" errors="0" timestamp="2024-11-12T17:26:22 IST" skipped="0">
  <testcase classname="com.tests.HomeTest" name="swagLabsHeadingTest" time="2.102"/>
  <testcase classname="com.tests.HomeTest" name="productsHeadingTest" time="2.110"/>
</testsuite> <!-- com.tests.HomeTest -->
