<?xml version="1.0" encoding="UTF-8"?>
<!-- Generated by org.testng.reporters.JUnitReportReporter -->
<testsuite hostname="CWCLAP029" failures="0" tests="2" name="com.tests.LoginTest" time="4.274" errors="0" timestamp="2024-11-12T17:26:22 IST" skipped="0">
  <testcase classname="com.tests.LoginTest" name="verifyLoginButtonTest" time="2.471"/>
  <testcase classname="com.tests.LoginTest" name="verifyAlertMessageTest" time="1.803"/>
</testsuite> <!-- com.tests.LoginTest -->
